#
# There is insufficient memory for the Java Runtime Environment to continue.
# Native memory allocation (malloc) failed to allocate 1055216 bytes for Chunk::new
# Possible reasons:
#   The system is out of physical RAM or swap space
#   In 32 bit mode, the process size limit was hit
# Possible solutions:
#   Reduce memory load on the system
#   Increase physical memory or swap space
#   Check if swap backing store is full
#   Use 64 bit Java on a 64 bit OS
#   Decrease Java heap size (-Xmx/-Xms)
#   Decrease number of Java threads
#   Decrease Java thread stack sizes (-Xss)
#   Set larger code cache with -XX:ReservedCodeCacheSize=
# This output file may be truncated or incomplete.
#
#  Out of Memory Error (allocation.cpp:390), pid=9272, tid=0x00000000000025d8
#
# JRE version: OpenJDK Runtime Environment (8.0_76-b03) (build 1.8.0_76-release-b03)
# Java VM: OpenJDK 64-Bit Server VM (25.76-b03 mixed mode windows-amd64 compressed oops)
# Failed to write core dump. Minidumps are not enabled by default on client versions of Windows
#

---------------  T H R E A D  ---------------

Current thread (0x00000000196a6000):  JavaThread "C2 CompilerThread1" daemon [_thread_in_native, id=9688, stack(0x0000000019f30000,0x000000001a030000)]

Stack: [0x0000000019f30000,0x000000001a030000]
[error occurred during error reporting (printing stack bounds), id 0xc0000005]

Native frames: (J=compiled Java code, j=interpreted, Vv=VM code, C=native code)


Current CompileTask:
C2:   3630 1580   !   4       com.android.dx.cf.code.RopperMachine::run (1608 bytes)


---------------  P R O C E S S  ---------------

Java Threads: ( => current thread )
  0x000000001a43b000 JavaThread "pool-2-thread-4" [_thread_blocked, id=9632, stack(0x000000001b030000,0x000000001b130000)]
  0x000000001a43a800 JavaThread "pool-2-thread-3" [_thread_in_Java, id=10320, stack(0x000000001af30000,0x000000001b030000)]
  0x000000001990a800 JavaThread "pool-2-thread-2" [_thread_in_Java, id=9860, stack(0x000000001ae30000,0x000000001af30000)]
  0x00000000199fe800 JavaThread "pool-3-thread-1" [_thread_blocked, id=1756, stack(0x000000001ad30000,0x000000001ae30000)]
  0x00000000199fd800 JavaThread "pool-2-thread-1" [_thread_in_Java, id=11572, stack(0x000000001ac30000,0x000000001ad30000)]
  0x0000000019708000 JavaThread "Service Thread" daemon [_thread_blocked, id=10136, stack(0x000000001a230000,0x000000001a330000)]
  0x0000000019704000 JavaThread "C1 CompilerThread3" daemon [_thread_blocked, id=11364, stack(0x000000001a130000,0x000000001a230000)]
  0x00000000196f8000 JavaThread "C2 CompilerThread2" daemon [_thread_in_native, id=10192, stack(0x000000001a030000,0x000000001a130000)]
=>0x00000000196a6000 JavaThread "C2 CompilerThread1" daemon [_thread_in_native, id=9688, stack(0x0000000019f30000,0x000000001a030000)]
  0x00000000196a2800 JavaThread "C2 CompilerThread0" daemon [_thread_in_native, id=7144, stack(0x0000000019e30000,0x0000000019f30000)]
  0x00000000196a1800 JavaThread "Attach Listener" daemon [_thread_blocked, id=2528, stack(0x0000000019d30000,0x0000000019e30000)]
  0x0000000019655800 JavaThread "Signal Dispatcher" daemon [_thread_blocked, id=9992, stack(0x0000000019c30000,0x0000000019d30000)]
  0x0000000019640800 JavaThread "Finalizer" daemon [_thread_blocked, id=11480, stack(0x0000000019a20000,0x0000000019b20000)]
  0x000000001774b800 JavaThread "Reference Handler" daemon [_thread_blocked, id=10248, stack(0x0000000019520000,0x0000000019620000)]
  0x00000000025b3000 JavaThread "main" [_thread_in_Java, id=9488, stack(0x00000000024b0000,0x00000000025b0000)]

Other Threads:
  0x0000000017745800 VMThread [stack: 0x0000000019420000,0x0000000019520000] [id=9740]
  0x0000000019709000 WatcherThread [stack: 0x000000001a330000,0x000000001a430000] [id=1520]

VM state:not at safepoint (normal execution)

VM Mutex/Monitor currently owned by a thread: None

Heap:
 PSYoungGen      total 71680K, used 56825K [0x00000000d5580000, 0x00000000da080000, 0x0000000100000000)
  eden space 66560K, 77% used [0x00000000d5580000,0x00000000d8801a20,0x00000000d9680000)
  from space 5120K, 99% used [0x00000000d9b80000,0x00000000da07caf8,0x00000000da080000)
  to   space 5120K, 0% used [0x00000000d9680000,0x00000000d9680000,0x00000000d9b80000)
 ParOldGen       total 87552K, used 6027K [0x0000000080000000, 0x0000000085580000, 0x00000000d5580000)
  object space 87552K, 6% used [0x0000000080000000,0x00000000805e2fa0,0x0000000085580000)
 Metaspace       used 6349K, capacity 7152K, committed 7296K, reserved 1056768K
  class space    used 585K, capacity 616K, committed 640K, reserved 1048576K

Card table byte_map: [0x0000000011a70000,0x0000000011e80000] byte_map_base: 0x0000000011670000

Marking Bits: (ParMarkBitMap*) 0x000000006d999d00
 Begin Bits: [0x0000000012930000, 0x0000000014930000)
 End Bits:   [0x0000000014930000, 0x0000000016930000)

Polling page: 0x0000000000a60000

CodeCache: size=245760Kb used=7020Kb max_used=7020Kb free=238739Kb
 bounds [0x00000000026b0000, 0x0000000002da0000, 0x00000000116b0000]
 total_blobs=1984 nmethods=1709 adapters=188
 compilation: enabled

Compilation events (10 events):
Event: 3.545 Thread 0x0000000019704000 1687       2       com.android.dx.cf.direct.DirectClassFile::getFields (9 bytes)
Event: 3.545 Thread 0x0000000019704000 nmethod 1687 0x0000000002d6a350 code [0x0000000002d6a4c0, 0x0000000002d6a648]
Event: 3.545 Thread 0x0000000019704000 1685       2       java.util.concurrent.FutureTask::<init> (27 bytes)
Event: 3.546 Thread 0x0000000019704000 nmethod 1685 0x0000000002d6a710 code [0x0000000002d6a880, 0x0000000002d6aaa8]
Event: 3.546 Thread 0x0000000019704000 1688       2       java.util.concurrent.locks.AbstractQueuedSynchronizer::setHead (16 bytes)
Event: 3.546 Thread 0x0000000019704000 nmethod 1688 0x0000000002d6ab90 code [0x0000000002d6ace0, 0x0000000002d6ae90]
Event: 3.548 Thread 0x0000000019704000 1689       2       com.android.dx.dex.code.TargetInsn::<init> (29 bytes)
Event: 3.548 Thread 0x0000000019704000 nmethod 1689 0x0000000002d6af50 code [0x0000000002d6b0c0, 0x0000000002d6b318]
Event: 3.548 Thread 0x0000000019704000 1690       2       java.util.concurrent.FutureTask::set (36 bytes)
Event: 3.548 Thread 0x0000000019704000 nmethod 1690 0x0000000002d6b450 code [0x0000000002d6b5c0, 0x0000000002d6b7a8]

GC Heap History (4 events):
Event: 1.507 GC heap before
{Heap before GC invocations=1 (full 0):
 PSYoungGen      total 38400K, used 33280K [0x00000000d5580000, 0x00000000d8000000, 0x0000000100000000)
  eden space 33280K, 100% used [0x00000000d5580000,0x00000000d7600000,0x00000000d7600000)
  from space 5120K, 0% used [0x00000000d7b00000,0x00000000d7b00000,0x00000000d8000000)
  to   space 5120K, 0% used [0x00000000d7600000,0x00000000d7600000,0x00000000d7b00000)
 ParOldGen       total 87552K, used 0K [0x0000000080000000, 0x0000000085580000, 0x00000000d5580000)
  object space 87552K, 0% used [0x0000000080000000,0x0000000080000000,0x0000000085580000)
 Metaspace       used 5972K, capacity 6896K, committed 7040K, reserved 1056768K
  class space    used 583K, capacity 616K, committed 640K, reserved 1048576K
Event: 1.611 GC heap after
Heap after GC invocations=1 (full 0):
 PSYoungGen      total 38400K, used 5106K [0x00000000d5580000, 0x00000000da080000, 0x0000000100000000)
  eden space 33280K, 0% used [0x00000000d5580000,0x00000000d5580000,0x00000000d7600000)
  from space 5120K, 99% used [0x00000000d7600000,0x00000000d7afcbb0,0x00000000d7b00000)
  to   space 5120K, 0% used [0x00000000d9b80000,0x00000000d9b80000,0x00000000da080000)
 ParOldGen       total 87552K, used 1470K [0x0000000080000000, 0x0000000085580000, 0x00000000d5580000)
  object space 87552K, 1% used [0x0000000080000000,0x000000008016f9d8,0x0000000085580000)
 Metaspace       used 5972K, capacity 6896K, committed 7040K, reserved 1056768K
  class space    used 583K, capacity 616K, committed 640K, reserved 1048576K
}
Event: 2.220 GC heap before
{Heap before GC invocations=2 (full 0):
 PSYoungGen      total 38400K, used 38386K [0x00000000d5580000, 0x00000000da080000, 0x0000000100000000)
  eden space 33280K, 100% used [0x00000000d5580000,0x00000000d7600000,0x00000000d7600000)
  from space 5120K, 99% used [0x00000000d7600000,0x00000000d7afcbb0,0x00000000d7b00000)
  to   space 5120K, 0% used [0x00000000d9b80000,0x00000000d9b80000,0x00000000da080000)
 ParOldGen       total 87552K, used 1470K [0x0000000080000000, 0x0000000085580000, 0x00000000d5580000)
  object space 87552K, 1% used [0x0000000080000000,0x000000008016f9d8,0x0000000085580000)
 Metaspace       used 6221K, capacity 7088K, committed 7296K, reserved 1056768K
  class space    used 585K, capacity 616K, committed 640K, reserved 1048576K
Event: 2.436 GC heap after
Heap after GC invocations=2 (full 0):
 PSYoungGen      total 71680K, used 5106K [0x00000000d5580000, 0x00000000da080000, 0x0000000100000000)
  eden space 66560K, 0% used [0x00000000d5580000,0x00000000d5580000,0x00000000d9680000)
  from space 5120K, 99% used [0x00000000d9b80000,0x00000000da07caf8,0x00000000da080000)
  to   space 5120K, 0% used [0x00000000d9680000,0x00000000d9680000,0x00000000d9b80000)
 ParOldGen       total 87552K, used 6027K [0x0000000080000000, 0x0000000085580000, 0x00000000d5580000)
  object space 87552K, 6% used [0x0000000080000000,0x00000000805e2fa0,0x0000000085580000)
 Metaspace       used 6221K, capacity 7088K, committed 7296K, reserved 1056768K
  class space    used 585K, capacity 616K, committed 640K, reserved 1048576K
}

Deoptimization events (10 events):
Event: 2.529 Thread 0x000000001a43b000 Uncommon trap: reason=bimorphic action=maybe_recompile pc=0x00000000029a7e68 method=java.util.HashMap.getNode(ILjava/lang/Object;)Ljava/util/HashMap$Node; @ 126
Event: 2.546 Thread 0x000000001990a800 Uncommon trap: reason=class_check action=maybe_recompile pc=0x0000000002c34df4 method=com.android.dx.cf.code.BytecodeArray.parseInstruction(ILcom/android/dx/cf/code/BytecodeArray$Visitor;)I @ 987
Event: 2.614 Thread 0x000000001a43a800 Uncommon trap: reason=unstable_if action=reinterpret pc=0x0000000002c35194 method=com.android.dx.cf.code.BytecodeArray.parseInstruction(ILcom/android/dx/cf/code/BytecodeArray$Visitor;)I @ 1198
Event: 2.707 Thread 0x000000001a43a800 Uncommon trap: reason=class_check action=maybe_recompile pc=0x0000000002c16a88 method=com.android.dx.ssa.SCCP.simulatePhi(Lcom/android/dx/ssa/PhiInsn;)V @ 124
Event: 2.708 Thread 0x000000001a43a800 Uncommon trap: reason=class_check action=maybe_recompile pc=0x0000000002c16a88 method=com.android.dx.ssa.SCCP.simulatePhi(Lcom/android/dx/ssa/PhiInsn;)V @ 124
Event: 2.708 Thread 0x00000000025b3000 Uncommon trap: reason=class_check action=maybe_recompile pc=0x0000000002c16a88 method=com.android.dx.ssa.SCCP.simulatePhi(Lcom/android/dx/ssa/PhiInsn;)V @ 124
Event: 2.709 Thread 0x000000001a43a800 Uncommon trap: reason=class_check action=maybe_recompile pc=0x0000000002c16a88 method=com.android.dx.ssa.SCCP.simulatePhi(Lcom/android/dx/ssa/PhiInsn;)V @ 124
Event: 3.040 Thread 0x000000001a43a800 Uncommon trap: reason=unstable_if action=reinterpret pc=0x0000000002cf7b68 method=com.android.dx.ssa.InterferenceRegisterMapper.interferes(III)Z @ 69
Event: 3.186 Thread 0x00000000025b3000 Uncommon trap: reason=unstable_if action=reinterpret pc=0x00000000029f9ed0 method=java.lang.String.<init>([CII)V @ 18
Event: 3.190 Thread 0x00000000025b3000 Uncommon trap: reason=unstable_if action=reinterpret pc=0x0000000002898d68 method=java.lang.String.<init>([CII)V @ 18

Internal exceptions (2 events):
Event: 0.331 Thread 0x00000000025b3000 Exception <a 'java/lang/NoSuchMethodError': Method sun.misc.Unsafe.defineClass(Ljava/lang/String;[BII)Ljava/lang/Class; name or signature does not match> (0x00000000d5587cc0) thrown at [C:\src\android\AOSP-openjdk\external\jetbrains\jdk\hotspot\src\share\v%ô‰æ(Õ?
Event: 0.331 Thread 0x00000000025b3000 Exception <a 'java/lang/NoSuchMethodError': Method sun.misc.Unsafe.prefetchRead(Ljava/lang/Object;J)V name or signature does not match> (0x00000000d5587fa8) thrown at [C:\src\android\AOSP-openjdk\external\jetbrains\jdk\hotspot\src\share\vm\prims\jni.cpp, l

Events (10 events):
Event: 2.709 Thread 0x000000001a43a800 DEOPT UNPACKING pc=0x00000000026f556a sp=0x000000001b02eb28 mode 2
Event: 3.040 Thread 0x000000001a43a800 Uncommon trap: trap_request=0xffffff65 fr.pc=0x0000000002cf7b68
Event: 3.040 Thread 0x000000001a43a800 DEOPT PACKING pc=0x0000000002cf7b68 sp=0x000000001b02ebb0
Event: 3.040 Thread 0x000000001a43a800 DEOPT UNPACKING pc=0x00000000026f556a sp=0x000000001b02eb50 mode 2
Event: 3.186 Thread 0x00000000025b3000 Uncommon trap: trap_request=0xffffff65 fr.pc=0x00000000029f9ed0
Event: 3.186 Thread 0x00000000025b3000 DEOPT PACKING pc=0x00000000029f9ed0 sp=0x00000000025ae1e0
Event: 3.186 Thread 0x00000000025b3000 DEOPT UNPACKING pc=0x00000000026f556a sp=0x00000000025ae110 mode 2
Event: 3.190 Thread 0x00000000025b3000 Uncommon trap: trap_request=0xffffff65 fr.pc=0x0000000002898d68
Event: 3.190 Thread 0x00000000025b3000 DEOPT PACKING pc=0x0000000002898d68 sp=0x00000000025ae120
Event: 3.190 Thread 0x00000000025b3000 DEOPT UNPACKING pc=0x00000000026f556a sp=0x00000000025ae108 mode 2


Dynamic libraries:
0x00007ff6c99c0000 - 0x00007ff6c99f1000 	D:\android_studio_2.3\android-studio\jre\bin\java.exe
0x00007fffb5140000 - 0x00007fffb52ed000 	C:\Windows\SYSTEM32\ntdll.dll
0x00007fffb2f70000 - 0x00007fffb30ae000 	C:\Windows\system32\KERNEL32.DLL
0x00007fffb2330000 - 0x00007fffb2445000 	C:\Windows\system32\KERNELBASE.dll
0x00007fffb4c10000 - 0x00007fffb4cba000 	C:\Windows\system32\ADVAPI32.dll
0x00007fffb2b00000 - 0x00007fffb2c77000 	C:\Windows\system32\USER32.dll
0x00007fffb0360000 - 0x00007fffb05db000 	C:\Windows\WinSxS\amd64_microsoft.windows.common-controls_6595b64144ccf1df_6.0.9600.18006_none_623f33d3ecbe86e8\COMCTL32.dll
0x00007fffb3270000 - 0x00007fffb331a000 	C:\Windows\system32\msvcrt.dll
0x00007fffb5020000 - 0x00007fffb5079000 	C:\Windows\SYSTEM32\sechost.dll
0x00007fffb4e80000 - 0x00007fffb4fc0000 	C:\Windows\system32\RPCRT4.dll
0x00007fffb3330000 - 0x00007fffb347f000 	C:\Windows\system32\GDI32.dll
0x00007fffb2740000 - 0x00007fffb276e000 	C:\Windows\system32\SspiCli.dll
0x00007fffb30d0000 - 0x00007fffb3106000 	C:\Windows\system32\IMM32.DLL
0x00007fffb3110000 - 0x00007fffb3262000 	C:\Windows\system32\MSCTF.dll
0x000000006e320000 - 0x000000006e3f2000 	D:\android_studio_2.3\android-studio\jre\jre\bin\msvcr100.dll
0x000000006d1e0000 - 0x000000006da14000 	D:\android_studio_2.3\android-studio\jre\jre\bin\server\jvm.dll
0x00007fff94630000 - 0x00007fff94639000 	C:\Windows\SYSTEM32\WSOCK32.dll
0x00007fffaf4e0000 - 0x00007fffaf502000 	C:\Windows\SYSTEM32\WINMM.dll
0x00007fffaf7a0000 - 0x00007fffaf7aa000 	C:\Windows\SYSTEM32\VERSION.dll
0x00007fffb30c0000 - 0x00007fffb30c7000 	C:\Windows\system32\PSAPI.DLL
0x00007fffb2aa0000 - 0x00007fffb2afa000 	C:\Windows\system32\WS2_32.dll
0x00007fffaf600000 - 0x00007fffaf62a000 	C:\Windows\SYSTEM32\WINMMBASE.dll
0x00007fffb30b0000 - 0x00007fffb30b9000 	C:\Windows\system32\NSI.dll
0x00007fffb2770000 - 0x00007fffb27bf000 	C:\Windows\SYSTEM32\cfgmgr32.dll
0x00007fffb1090000 - 0x00007fffb10b8000 	C:\Windows\SYSTEM32\DEVOBJ.dll
0x00007fffa86a0000 - 0x00007fffa86af000 	D:\android_studio_2.3\android-studio\jre\jre\bin\verify.dll
0x00007fffa7a50000 - 0x00007fffa7a79000 	D:\android_studio_2.3\android-studio\jre\jre\bin\java.dll
0x00007fffa7a30000 - 0x00007fffa7a46000 	D:\android_studio_2.3\android-studio\jre\jre\bin\zip.dll
0x00007fffb3660000 - 0x00007fffb4b88000 	C:\Windows\system32\SHELL32.dll
0x00007fffb2c80000 - 0x00007fffb2e91000 	C:\Windows\SYSTEM32\combase.dll
0x00007fffb2a40000 - 0x00007fffb2a94000 	C:\Windows\system32\SHLWAPI.dll
0x00007fffb0840000 - 0x00007fffb08f2000 	C:\Windows\SYSTEM32\SHCORE.dll
0x00007fffb2260000 - 0x00007fffb2275000 	C:\Windows\SYSTEM32\profapi.dll

VM Arguments:
jvm_args: -Djava.awt.headless=true -Xmx2g -Dfile.encoding=GBK -Duser.country=MY -Duser.language=en -Duser.variant 
java_command: com.android.dx.command.Main --dex --force-jumbo --num-threads=4 --multi-dex --output C:\ProjectBird\food\app\build\intermediates\transforms\dex\debug\folders\1000\10\com.google.android.gms-play-services-ads-lite-9.8.0_8681940805b0588cff5f9063699e656d886b7ab3 C:\ProjectBird\food\app\build\intermediates\exploded-aar\com.google.android.gms\play-services-ads-lite\9.8.0\jars\classes.jar
java_class_path (initial): D:\androidSDK\build-tools\26.0.2\lib\dx.jar
Launcher Type: SUN_STANDARD

Environment Variables:
PATH=C:\Program Files\nodejs;C:\Users\Windows\.dnx\bin;C:\Program Files (x86)\NVIDIA Corporation\PhysX\Common;C:\ProgramData\Oracle\Java\javapath;C:\Program Files (x86)\Intel\iCLS Client\;C:\Program Files\Intel\iCLS Client\;C:\Windows\system32;C:\Windows;C:\Windows\System32\Wbem;C:\Windows\System32\WindowsPowerShell\v1.0\;C:\Program Files\Intel\Intel(R) Management Engine Components\DAL;C:\Program Files\Intel\Intel(R) Management Engine Components\IPT;C:\Program Files (x86)\Intel\Intel(R) Management Engine Components\DAL;C:\Program Files (x86)\Intel\Intel(R) Management Engine Components\IPT;C:\Program Files (x86)\Microsoft SQL Server\90\Tools\binn\;C:\Program Files (x86)\Windows Kits\8.1\Windows Performance Toolkit\;C:\Program Files\Microsoft SQL Server\110\Tools\Binn\;C:\Users\Windows\AppData\Roaming\npm;D:\androidSDK\platform-tools
USERNAME=Windows
OS=Windows_NT
PROCESSOR_IDENTIFIER=Intel64 Family 6 Model 60 Stepping 3, GenuineIntel



---------------  S Y S T E M  ---------------

OS: Windows 8.1 , 64 bit Build 9600 (6.3.9600.17415)

CPU:total 8 (4 cores per cpu, 2 threads per core) family 6 model 60 stepping 3, cmov, cx8, fxsr, mmx, sse, sse2, sse3, ssse3, sse4.1, sse4.2, popcnt, avx, avx2, aes, clmul, erms, lzcnt, ht, tsc, tscinvbit, bmi1, bmi2

Memory: 4k page, physical 8268804k(1447864k free), swap 11414532k(12596k free)

vm_info: OpenJDK 64-Bit Server VM (25.76-b03) for windows-amd64 JRE (1.8.0_76-release-b03), built on Jun 29 2016 19:09:20 by "ralucas" with MS VC++ 10.0 (VS2010)

time: Sun Jun 10 21:59:52 2018
elapsed time: 3 seconds (0d 0h 0m 3s)

