#
# There is insufficient memory for the Java Runtime Environment to continue.
# Native memory allocation (malloc) failed to allocate 371296 bytes for Chunk::new
# Possible reasons:
#   The system is out of physical RAM or swap space
#   In 32 bit mode, the process size limit was hit
# Possible solutions:
#   Reduce memory load on the system
#   Increase physical memory or swap space
#   Check if swap backing store is full
#   Use 64 bit Java on a 64 bit OS
#   Decrease Java heap size (-Xmx/-Xms)
#   Decrease number of Java threads
#   Decrease Java thread stack sizes (-Xss)
#   Set larger code cache with -XX:ReservedCodeCacheSize=
# This output file may be truncated or incomplete.
#
#  Out of Memory Error (allocation.cpp:390), pid=11316, tid=0x0000000000001ae4
#
# JRE version: OpenJDK Runtime Environment (8.0_76-b03) (build 1.8.0_76-release-b03)
# Java VM: OpenJDK 64-Bit Server VM (25.76-b03 mixed mode windows-amd64 compressed oops)
# Failed to write core dump. Minidumps are not enabled by default on client versions of Windows
#

---------------  T H R E A D  ---------------

Current thread (0x000000001983d000):  JavaThread "C2 CompilerThread1" daemon [_thread_in_native, id=6884, stack(0x000000001a040000,0x000000001a140000)]

Stack: [0x000000001a040000,0x000000001a140000]
[error occurred during error reporting (printing stack bounds), id 0xc0000005]

Native frames: (J=compiled Java code, j=interpreted, Vv=VM code, C=native code)


Current CompileTask:
C2:   7417 1855       4       com.android.dx.ssa.PhiTypeResolver::run (179 bytes)


---------------  P R O C E S S  ---------------

Java Threads: ( => current thread )
  0x0000000019af6000 JavaThread "pool-2-thread-4" [_thread_blocked, id=6968, stack(0x000000001b140000,0x000000001b240000)]
  0x0000000019af5800 JavaThread "pool-2-thread-3" [_thread_blocked, id=11476, stack(0x000000001b040000,0x000000001b140000)]
  0x0000000019afa000 JavaThread "pool-2-thread-2" [_thread_blocked, id=332, stack(0x000000001af40000,0x000000001b040000)]
  0x0000000019ac5800 JavaThread "pool-3-thread-1" [_thread_blocked, id=8004, stack(0x000000001ae40000,0x000000001af40000)]
  0x0000000019b54800 JavaThread "pool-2-thread-1" [_thread_blocked, id=3824, stack(0x000000001ad40000,0x000000001ae40000)]
  0x000000001984d800 JavaThread "Service Thread" daemon [_thread_blocked, id=5732, stack(0x000000001a340000,0x000000001a440000)]
  0x0000000019847800 JavaThread "C1 CompilerThread3" daemon [_thread_blocked, id=4512, stack(0x000000001a240000,0x000000001a340000)]
  0x0000000019844800 JavaThread "C2 CompilerThread2" daemon [_thread_in_native, id=9244, stack(0x000000001a140000,0x000000001a240000)]
=>0x000000001983d000 JavaThread "C2 CompilerThread1" daemon [_thread_in_native, id=6884, stack(0x000000001a040000,0x000000001a140000)]
  0x0000000017888000 JavaThread "C2 CompilerThread0" daemon [_thread_in_native, id=11052, stack(0x0000000019f40000,0x000000001a040000)]
  0x00000000197e8800 JavaThread "Attach Listener" daemon [_thread_blocked, id=9556, stack(0x0000000019e40000,0x0000000019f40000)]
  0x0000000019785800 JavaThread "Signal Dispatcher" daemon [_thread_blocked, id=8768, stack(0x0000000019d40000,0x0000000019e40000)]
  0x0000000019780800 JavaThread "Finalizer" daemon [_thread_blocked, id=4696, stack(0x0000000019b60000,0x0000000019c60000)]
  0x000000001787b800 JavaThread "Reference Handler" daemon [_thread_blocked, id=11016, stack(0x0000000019660000,0x0000000019760000)]
  0x0000000002713000 JavaThread "main" [_thread_blocked, id=8148, stack(0x00000000022b0000,0x00000000023b0000)]

Other Threads:
  0x0000000017875800 VMThread [stack: 0x0000000019560000,0x0000000019660000] [id=7148]
  0x000000001984e800 WatcherThread [stack: 0x000000001a440000,0x000000001a540000] [id=9572]

VM state:not at safepoint (normal execution)

VM Mutex/Monitor currently owned by a thread: None

Heap:
 PSYoungGen      total 71680K, used 59315K [0x00000000d5580000, 0x00000000da080000, 0x0000000100000000)
  eden space 66560K, 81% used [0x00000000d5580000,0x00000000d8a6cc70,0x00000000d9680000)
  from space 5120K, 100% used [0x00000000d9b80000,0x00000000da080000,0x00000000da080000)
  to   space 5120K, 0% used [0x00000000d9680000,0x00000000d9680000,0x00000000d9b80000)
 ParOldGen       total 87552K, used 14517K [0x0000000080000000, 0x0000000085580000, 0x00000000d5580000)
  object space 87552K, 16% used [0x0000000080000000,0x0000000080e2d558,0x0000000085580000)
 Metaspace       used 6369K, capacity 7216K, committed 7296K, reserved 1056768K
  class space    used 583K, capacity 616K, committed 640K, reserved 1048576K

Card table byte_map: [0x0000000011bd0000,0x0000000011fe0000] byte_map_base: 0x00000000117d0000

Marking Bits: (ParMarkBitMap*) 0x000000006d999d00
 Begin Bits: [0x0000000012a90000, 0x0000000014a90000)
 End Bits:   [0x0000000014a90000, 0x0000000016a90000)

Polling page: 0x0000000000b00000

CodeCache: size=245760Kb used=8572Kb max_used=8608Kb free=237187Kb
 bounds [0x0000000002810000, 0x0000000003080000, 0x0000000011810000]
 total_blobs=2169 nmethods=1897 adapters=185
 compilation: enabled

Compilation events (10 events):
Event: 7.308 Thread 0x0000000019847800 nmethod 1931 0x000000000303b890 code [0x000000000303ba40, 0x000000000303bfd8]
Event: 7.312 Thread 0x0000000019847800 1934       3       com.android.dx.cf.direct.DirectClassFile$DcfTypeList::getType (26 bytes)
Event: 7.313 Thread 0x0000000019847800 nmethod 1934 0x00000000030456d0 code [0x00000000030459a0, 0x0000000003046f08]
Event: 7.335 Thread 0x0000000019847800 1936   !   3       com.android.dx.cf.attrib.AttExceptions::<init> (45 bytes)
Event: 7.335 Thread 0x0000000019847800 nmethod 1936 0x0000000003044d50 code [0x0000000003044f00, 0x0000000003045428]
Event: 7.335 Thread 0x0000000019847800 1937       3       com.android.dx.cf.attrib.AttExceptions::byteLength (15 bytes)
Event: 7.336 Thread 0x0000000019847800 nmethod 1937 0x000000000303b450 code [0x000000000303b5c0, 0x000000000303b7e8]
Event: 7.336 Thread 0x0000000019847800 1938       3       com.android.dx.cf.attrib.AttSignature::<init> (26 bytes)
Event: 7.336 Thread 0x0000000019847800 nmethod 1938 0x0000000003053c90 code [0x0000000003053e20, 0x0000000003054188]
Event: 7.337 Thread 0x0000000019847800 1939       3       com.android.dx.cf.direct.StdAttributeFactory::exceptions (105 bytes)

GC Heap History (8 events):
Event: 3.470 GC heap before
{Heap before GC invocations=1 (full 0):
 PSYoungGen      total 38400K, used 33280K [0x00000000d5580000, 0x00000000d8000000, 0x0000000100000000)
  eden space 33280K, 100% used [0x00000000d5580000,0x00000000d7600000,0x00000000d7600000)
  from space 5120K, 0% used [0x00000000d7b00000,0x00000000d7b00000,0x00000000d8000000)
  to   space 5120K, 0% used [0x00000000d7600000,0x00000000d7600000,0x00000000d7b00000)
 ParOldGen       total 87552K, used 0K [0x0000000080000000, 0x0000000085580000, 0x00000000d5580000)
  object space 87552K, 0% used [0x0000000080000000,0x0000000080000000,0x0000000085580000)
 Metaspace       used 6035K, capacity 6960K, committed 7040K, reserved 1056768K
  class space    used 581K, capacity 616K, committed 640K, reserved 1048576K
Event: 3.495 GC heap after
Heap after GC invocations=1 (full 0):
 PSYoungGen      total 38400K, used 5106K [0x00000000d5580000, 0x00000000d8000000, 0x0000000100000000)
  eden space 33280K, 0% used [0x00000000d5580000,0x00000000d5580000,0x00000000d7600000)
  from space 5120K, 99% used [0x00000000d7600000,0x00000000d7afc828,0x00000000d7b00000)
  to   space 5120K, 0% used [0x00000000d7b00000,0x00000000d7b00000,0x00000000d8000000)
 ParOldGen       total 87552K, used 900K [0x0000000080000000, 0x0000000085580000, 0x00000000d5580000)
  object space 87552K, 1% used [0x0000000080000000,0x00000000800e10a8,0x0000000085580000)
 Metaspace       used 6035K, capacity 6960K, committed 7040K, reserved 1056768K
  class space    used 581K, capacity 616K, committed 640K, reserved 1048576K
}
Event: 4.096 GC heap before
{Heap before GC invocations=2 (full 0):
 PSYoungGen      total 38400K, used 38386K [0x00000000d5580000, 0x00000000d8000000, 0x0000000100000000)
  eden space 33280K, 100% used [0x00000000d5580000,0x00000000d7600000,0x00000000d7600000)
  from space 5120K, 99% used [0x00000000d7600000,0x00000000d7afc828,0x00000000d7b00000)
  to   space 5120K, 0% used [0x00000000d7b00000,0x00000000d7b00000,0x00000000d8000000)
 ParOldGen       total 87552K, used 900K [0x0000000080000000, 0x0000000085580000, 0x00000000d5580000)
  object space 87552K, 1% used [0x0000000080000000,0x00000000800e10a8,0x0000000085580000)
 Metaspace       used 6198K, capacity 7088K, committed 7296K, reserved 1056768K
  class space    used 582K, capacity 616K, committed 640K, reserved 1048576K
Event: 4.162 GC heap after
Heap after GC invocations=2 (full 0):
 PSYoungGen      total 38400K, used 5090K [0x00000000d5580000, 0x00000000da080000, 0x0000000100000000)
  eden space 33280K, 0% used [0x00000000d5580000,0x00000000d5580000,0x00000000d7600000)
  from space 5120K, 99% used [0x00000000d7b00000,0x00000000d7ff89b0,0x00000000d8000000)
  to   space 5120K, 0% used [0x00000000d7600000,0x00000000d7600000,0x00000000d7b00000)
 ParOldGen       total 87552K, used 5783K [0x0000000080000000, 0x0000000085580000, 0x00000000d5580000)
  object space 87552K, 6% used [0x0000000080000000,0x00000000805a5d88,0x0000000085580000)
 Metaspace       used 6198K, capacity 7088K, committed 7296K, reserved 1056768K
  class space    used 582K, capacity 616K, committed 640K, reserved 1048576K
}
Event: 4.587 GC heap before
{Heap before GC invocations=3 (full 0):
 PSYoungGen      total 38400K, used 38370K [0x00000000d5580000, 0x00000000da080000, 0x0000000100000000)
  eden space 33280K, 100% used [0x00000000d5580000,0x00000000d7600000,0x00000000d7600000)
  from space 5120K, 99% used [0x00000000d7b00000,0x00000000d7ff89b0,0x00000000d8000000)
  to   space 5120K, 0% used [0x00000000d7600000,0x00000000d7600000,0x00000000d7b00000)
 ParOldGen       total 87552K, used 5783K [0x0000000080000000, 0x0000000085580000, 0x00000000d5580000)
  object space 87552K, 6% used [0x0000000080000000,0x00000000805a5d88,0x0000000085580000)
 Metaspace       used 6284K, capacity 7152K, committed 7296K, reserved 1056768K
  class space    used 582K, capacity 616K, committed 640K, reserved 1048576K
Event: 4.697 GC heap after
Heap after GC invocations=3 (full 0):
 PSYoungGen      total 38400K, used 5107K [0x00000000d5580000, 0x00000000da080000, 0x0000000100000000)
  eden space 33280K, 0% used [0x00000000d5580000,0x00000000d5580000,0x00000000d7600000)
  from space 5120K, 99% used [0x00000000d7600000,0x00000000d7afcde0,0x00000000d7b00000)
  to   space 5120K, 0% used [0x00000000d9b80000,0x00000000d9b80000,0x00000000da080000)
 ParOldGen       total 87552K, used 9401K [0x0000000080000000, 0x0000000085580000, 0x00000000d5580000)
  object space 87552K, 10% used [0x0000000080000000,0x000000008092e788,0x0000000085580000)
 Metaspace       used 6284K, capacity 7152K, committed 7296K, reserved 1056768K
  class space    used 582K, capacity 616K, committed 640K, reserved 1048576K
}
Event: 5.581 GC heap before
{Heap before GC invocations=4 (full 0):
 PSYoungGen      total 38400K, used 38387K [0x00000000d5580000, 0x00000000da080000, 0x0000000100000000)
  eden space 33280K, 100% used [0x00000000d5580000,0x00000000d7600000,0x00000000d7600000)
  from space 5120K, 99% used [0x00000000d7600000,0x00000000d7afcde0,0x00000000d7b00000)
  to   space 5120K, 0% used [0x00000000d9b80000,0x00000000d9b80000,0x00000000da080000)
 ParOldGen       total 87552K, used 9401K [0x0000000080000000, 0x0000000085580000, 0x00000000d5580000)
  object space 87552K, 10% used [0x0000000080000000,0x000000008092e788,0x0000000085580000)
 Metaspace       used 6332K, capacity 7152K, committed 7296K, reserved 1056768K
  class space    used 582K, capacity 616K, committed 640K, reserved 1048576K
Event: 5.829 GC heap after
Heap after GC invocations=4 (full 0):
 PSYoungGen      total 71680K, used 5120K [0x00000000d5580000, 0x00000000da080000, 0x0000000100000000)
  eden space 66560K, 0% used [0x00000000d5580000,0x00000000d5580000,0x00000000d9680000)
  from space 5120K, 100% used [0x00000000d9b80000,0x00000000da080000,0x00000000da080000)
  to   space 5120K, 0% used [0x00000000d9680000,0x00000000d9680000,0x00000000d9b80000)
 ParOldGen       total 87552K, used 14517K [0x0000000080000000, 0x0000000085580000, 0x00000000d5580000)
  object space 87552K, 16% used [0x0000000080000000,0x0000000080e2d558,0x0000000085580000)
 Metaspace       used 6332K, capacity 7152K, committed 7296K, reserved 1056768K
  class space    used 582K, capacity 616K, committed 640K, reserved 1048576K
}

Deoptimization events (10 events):
Event: 4.776 Thread 0x0000000019af5800 Uncommon trap: reason=unstable_if action=reinterpret pc=0x0000000002e8a9c4 method=com.android.dx.ssa.SCCP.simulateStmt(Lcom/android/dx/ssa/SsaInsn;)V @ 53
Event: 4.779 Thread 0x0000000019b54800 Uncommon trap: reason=bimorphic action=maybe_recompile pc=0x0000000002dcac90 method=com.android.dx.ssa.LiteralOpUpgrader.tryReplacingWithConstant(Lcom/android/dx/ssa/NormalSsaInsn;)Z @ 52
Event: 4.798 Thread 0x0000000019af5800 Uncommon trap: reason=bimorphic action=maybe_recompile pc=0x0000000002d6e2b8 method=com.android.dx.cf.code.BytecodeArray.parseInstruction(ILcom/android/dx/cf/code/BytecodeArray$Visitor;)I @ 1501
Event: 4.798 Thread 0x0000000019af5800 Uncommon trap: reason=bimorphic action=maybe_recompile pc=0x0000000002d6e2b8 method=com.android.dx.cf.code.BytecodeArray.parseInstruction(ILcom/android/dx/cf/code/BytecodeArray$Visitor;)I @ 1501
Event: 5.011 Thread 0x0000000019af5800 Uncommon trap: reason=bimorphic action=maybe_recompile pc=0x0000000002dcac90 method=com.android.dx.ssa.LiteralOpUpgrader.tryReplacingWithConstant(Lcom/android/dx/ssa/NormalSsaInsn;)Z @ 52
Event: 5.012 Thread 0x0000000019af5800 Uncommon trap: reason=bimorphic action=maybe_recompile pc=0x0000000002dcac90 method=com.android.dx.ssa.LiteralOpUpgrader.tryReplacingWithConstant(Lcom/android/dx/ssa/NormalSsaInsn;)Z @ 52
Event: 5.383 Thread 0x0000000002713000 Uncommon trap: reason=unstable_if action=reinterpret pc=0x0000000002ce9f0c method=com.android.dx.ssa.MoveParamCombiner$1.visitNonMoveInsn(Lcom/android/dx/ssa/NormalSsaInsn;)V @ 27
Event: 5.386 Thread 0x0000000002713000 Uncommon trap: reason=unstable_if action=reinterpret pc=0x0000000002f175b8 method=java.util.concurrent.ConcurrentHashMap.get(Ljava/lang/Object;)Ljava/lang/Object; @ 127
Event: 6.737 Thread 0x0000000019b54800 Uncommon trap: reason=bimorphic action=maybe_recompile pc=0x0000000002f6113c method=com.android.dx.cf.code.BytecodeArray.parseInstruction(ILcom/android/dx/cf/code/BytecodeArray$Visitor;)I @ 2135
Event: 6.737 Thread 0x0000000019b54800 Uncommon trap: reason=bimorphic action=maybe_recompile pc=0x0000000002f6113c method=com.android.dx.cf.code.BytecodeArray.parseInstruction(ILcom/android/dx/cf/code/BytecodeArray$Visitor;)I @ 2135

Internal exceptions (2 events):
Event: 0.356 Thread 0x0000000002713000 Exception <a 'java/lang/NoSuchMethodError': Method sun.misc.Unsafe.defineClass(Ljava/lang/String;[BII)Ljava/lang/Class; name or signature does not match> (0x00000000d5587cc0) thrown at [C:\src\android\AOSP-openjdk\external\jetbrains\jdk\hotspot\src\share\vJŠìÄÖ?
Event: 0.356 Thread 0x0000000002713000 Exception <a 'java/lang/NoSuchMethodError': Method sun.misc.Unsafe.prefetchRead(Ljava/lang/Object;J)V name or signature does not match> (0x00000000d5587fa8) thrown at [C:\src\android\AOSP-openjdk\external\jetbrains\jdk\hotspot\src\share\vm\prims\jni.cpp, l

Events (10 events):
Event: 6.828 Thread 0x0000000019b54800 DEOPT PACKING pc=0x0000000002d05121 sp=0x000000001ae3e3b0
Event: 6.828 Thread 0x0000000019b54800 DEOPT UNPACKING pc=0x00000000028575bf sp=0x000000001ae3e1f0 mode 0
Event: 6.828 Thread 0x0000000019b54800 DEOPT PACKING pc=0x0000000002c9bdec sp=0x000000001ae3e490
Event: 6.828 Thread 0x0000000019b54800 DEOPT UNPACKING pc=0x00000000028575bf sp=0x000000001ae3e1a0 mode 0
Event: 6.829 Thread 0x0000000019b54800 DEOPT PACKING pc=0x0000000002c43dc9 sp=0x000000001ae3e610
Event: 6.829 Thread 0x0000000019b54800 DEOPT UNPACKING pc=0x00000000028575bf sp=0x000000001ae3e440 mode 0
Event: 7.059 Thread 0x0000000019b54800 DEOPT PACKING pc=0x0000000002c58ec3 sp=0x000000001ae3e6e0
Event: 7.059 Thread 0x0000000019b54800 DEOPT UNPACKING pc=0x00000000028575bf sp=0x000000001ae3e460 mode 0
Event: 7.083 Thread 0x0000000019af5800 DEOPT PACKING pc=0x0000000002d04fee sp=0x000000001b13e5d0
Event: 7.084 Thread 0x0000000019af5800 DEOPT UNPACKING pc=0x00000000028575bf sp=0x000000001b13e410 mode 0


Dynamic libraries:
0x00007ff6c99c0000 - 0x00007ff6c99f1000 	D:\android_studio_2.3\android-studio\jre\bin\java.exe
0x00007fffb5140000 - 0x00007fffb52ed000 	C:\Windows\SYSTEM32\ntdll.dll
0x00007fffb2f70000 - 0x00007fffb30ae000 	C:\Windows\system32\KERNEL32.DLL
0x00007fffb2330000 - 0x00007fffb2445000 	C:\Windows\system32\KERNELBASE.dll
0x00007fffb4c10000 - 0x00007fffb4cba000 	C:\Windows\system32\ADVAPI32.dll
0x00007fffb2b00000 - 0x00007fffb2c77000 	C:\Windows\system32\USER32.dll
0x00007fffb0360000 - 0x00007fffb05db000 	C:\Windows\WinSxS\amd64_microsoft.windows.common-controls_6595b64144ccf1df_6.0.9600.18006_none_623f33d3ecbe86e8\COMCTL32.dll
0x00007fffb3270000 - 0x00007fffb331a000 	C:\Windows\system32\msvcrt.dll
0x00007fffb5020000 - 0x00007fffb5079000 	C:\Windows\SYSTEM32\sechost.dll
0x00007fffb4e80000 - 0x00007fffb4fc0000 	C:\Windows\system32\RPCRT4.dll
0x00007fffb3330000 - 0x00007fffb347f000 	C:\Windows\system32\GDI32.dll
0x00007fffb2740000 - 0x00007fffb276e000 	C:\Windows\system32\SspiCli.dll
0x00007fffb30d0000 - 0x00007fffb3106000 	C:\Windows\system32\IMM32.DLL
0x00007fffb3110000 - 0x00007fffb3262000 	C:\Windows\system32\MSCTF.dll
0x000000006e320000 - 0x000000006e3f2000 	D:\android_studio_2.3\android-studio\jre\jre\bin\msvcr100.dll
0x000000006d1e0000 - 0x000000006da14000 	D:\android_studio_2.3\android-studio\jre\jre\bin\server\jvm.dll
0x00007fff94630000 - 0x00007fff94639000 	C:\Windows\SYSTEM32\WSOCK32.dll
0x00007fffaf4e0000 - 0x00007fffaf502000 	C:\Windows\SYSTEM32\WINMM.dll
0x00007fffaf7a0000 - 0x00007fffaf7aa000 	C:\Windows\SYSTEM32\VERSION.dll
0x00007fffb30c0000 - 0x00007fffb30c7000 	C:\Windows\system32\PSAPI.DLL
0x00007fffb2aa0000 - 0x00007fffb2afa000 	C:\Windows\system32\WS2_32.dll
0x00007fffaf600000 - 0x00007fffaf62a000 	C:\Windows\SYSTEM32\WINMMBASE.dll
0x00007fffb30b0000 - 0x00007fffb30b9000 	C:\Windows\system32\NSI.dll
0x00007fffb2770000 - 0x00007fffb27bf000 	C:\Windows\SYSTEM32\cfgmgr32.dll
0x00007fffb1090000 - 0x00007fffb10b8000 	C:\Windows\SYSTEM32\DEVOBJ.dll
0x00007fffa86a0000 - 0x00007fffa86af000 	D:\android_studio_2.3\android-studio\jre\jre\bin\verify.dll
0x00007fffa7a50000 - 0x00007fffa7a79000 	D:\android_studio_2.3\android-studio\jre\jre\bin\java.dll
0x00007fffa7a30000 - 0x00007fffa7a46000 	D:\android_studio_2.3\android-studio\jre\jre\bin\zip.dll
0x00007fffb3660000 - 0x00007fffb4b88000 	C:\Windows\system32\SHELL32.dll
0x00007fffb2c80000 - 0x00007fffb2e91000 	C:\Windows\SYSTEM32\combase.dll
0x00007fffb2a40000 - 0x00007fffb2a94000 	C:\Windows\system32\SHLWAPI.dll
0x00007fffb0840000 - 0x00007fffb08f2000 	C:\Windows\SYSTEM32\SHCORE.dll
0x00007fffb2260000 - 0x00007fffb2275000 	C:\Windows\SYSTEM32\profapi.dll

VM Arguments:
jvm_args: -Djava.awt.headless=true -Xmx2g -Dfile.encoding=GBK -Duser.country=MY -Duser.language=en -Duser.variant 
java_command: com.android.dx.command.Main --dex --force-jumbo --num-threads=4 --multi-dex --output C:\ProjectBird\food\app\build\intermediates\transforms\dex\debug\folders\1000\10\com.google.android.gms-play-services-basement-9.8.0_ac92b6c2c34e480b11f504fddddb7532d2f337e6 C:\ProjectBird\food\app\build\intermediates\exploded-aar\com.google.android.gms\play-services-basement\9.8.0\jars\classes.jar
java_class_path (initial): D:\androidSDK\build-tools\26.0.2\lib\dx.jar
Launcher Type: SUN_STANDARD

Environment Variables:
PATH=C:\Program Files\nodejs;C:\Users\Windows\.dnx\bin;C:\Program Files (x86)\NVIDIA Corporation\PhysX\Common;C:\ProgramData\Oracle\Java\javapath;C:\Program Files (x86)\Intel\iCLS Client\;C:\Program Files\Intel\iCLS Client\;C:\Windows\system32;C:\Windows;C:\Windows\System32\Wbem;C:\Windows\System32\WindowsPowerShell\v1.0\;C:\Program Files\Intel\Intel(R) Management Engine Components\DAL;C:\Program Files\Intel\Intel(R) Management Engine Components\IPT;C:\Program Files (x86)\Intel\Intel(R) Management Engine Components\DAL;C:\Program Files (x86)\Intel\Intel(R) Management Engine Components\IPT;C:\Program Files (x86)\Microsoft SQL Server\90\Tools\binn\;C:\Program Files (x86)\Windows Kits\8.1\Windows Performance Toolkit\;C:\Program Files\Microsoft SQL Server\110\Tools\Binn\;C:\Users\Windows\AppData\Roaming\npm;D:\androidSDK\platform-tools
USERNAME=Windows
OS=Windows_NT
PROCESSOR_IDENTIFIER=Intel64 Family 6 Model 60 Stepping 3, GenuineIntel



---------------  S Y S T E M  ---------------

OS: Windows 8.1 , 64 bit Build 9600 (6.3.9600.17415)

CPU:total 8 (4 cores per cpu, 2 threads per core) family 6 model 60 stepping 3, cmov, cx8, fxsr, mmx, sse, sse2, sse3, ssse3, sse4.1, sse4.2, popcnt, avx, avx2, aes, clmul, erms, lzcnt, ht, tsc, tscinvbit, bmi1, bmi2

Memory: 4k page, physical 8268804k(1447864k free), swap 11414532k(12596k free)

vm_info: OpenJDK 64-Bit Server VM (25.76-b03) for windows-amd64 JRE (1.8.0_76-release-b03), built on Jun 29 2016 19:09:20 by "ralucas" with MS VC++ 10.0 (VS2010)

time: Sun Jun 10 21:59:52 2018
elapsed time: 7 seconds (0d 0h 0m 7s)

